Start testing: Apr 10 00:04 CST
----------------------------------------------------------
9/12 Testing: epoll_poller_smoke_test
9/12 Test: epoll_poller_smoke_test
Command: "/home/yun/design/high-concurrency-runtime/build/tests/epoll_poller_smoke_test"
Directory: /home/yun/design/high-concurrency-runtime/build/tests
"epoll_poller_smoke_test" start time: Apr 10 00:04 CST
Output:
----------------------------------------------------------
[PASS] Construction
[PASS] ChannelRegistration
[PASS] ChannelRemoval
[PASS] PollDetectsReadEvent
[PASS] DisableAllKeepsChannelInMap
[PASS] ReenableAfterDisable
[PASS] EventsVectorResizes
[PASS] epoll_poller_smoke_test (7 cases)
<end of output>
Test time =   0.02 sec
----------------------------------------------------------
Test Passed.
"epoll_poller_smoke_test" end time: Apr 10 00:04 CST
"epoll_poller_smoke_test" time elapsed: 00:00:00
----------------------------------------------------------

End testing: Apr 10 00:04 CST
