Start testing: Apr 12 18:18 CST
----------------------------------------------------------
Unable to find executable: runtime_integration_tests_NOT_BUILT
3/12 Testing: runtime_integration_tests_NOT_BUILT
3/12 Test: runtime_integration_tests_NOT_BUILT
Command: ""
Directory: /home/yun/design/high-concurrency-runtime/build-tests/tests
"runtime_integration_tests_NOT_BUILT" start time: 
Output:
----------------------------------------------------------
<end of output>
Test time =   0.00 sec
----------------------------------------------------------
Test Passed.
"runtime_integration_tests_NOT_BUILT" end time: Apr 12 18:18 CST
"runtime_integration_tests_NOT_BUILT" time elapsed: 00:00:00
----------------------------------------------------------

8/12 Testing: http_smoke_test
8/12 Test: http_smoke_test
Command: "/home/yun/design/high-concurrency-runtime/build-tests/tests/http_smoke_test"
Directory: /home/yun/design/high-concurrency-runtime/build-tests/tests
"http_smoke_test" start time: Apr 12 18:18 CST
Output:
----------------------------------------------------------
[PASS] http_smoke_test
<end of output>
Test time =   0.00 sec
----------------------------------------------------------
Test Passed.
"http_smoke_test" end time: Apr 12 18:18 CST
"http_smoke_test" time elapsed: 00:00:00
----------------------------------------------------------

End testing: Apr 12 18:18 CST
